19:27:29.158 [main] INFO Agent.premain: To disable the automatic creation of this log file, set the system property appmap.disableLogFile to 'true'
19:27:29.159 [main] INFO Agent.premain: Agent version 1.26.5, current time mills: 1711232848942
19:27:29.159 [main] INFO Agent.premain: config: {
	"configFile":"appmap.yml",
	"name":"java",
	"packages":[]
}
19:27:29.213 [main] INFO Agent.premain: System properties: {java.specification.version=17, sun.jnu.encoding=UTF-8, java.class.path=/home/lucaszaia/softwares/java/demo/target/classes:/home/lucaszaia/.m2/repository/org/springframework/modulith/spring-modulith-starter-core/1.1.3/spring-modulith-starter-core-1.1.3.jar:/home/lucaszaia/.m2/repository/org/springframework/modulith/spring-modulith-api/1.1.3/spring-modulith-api-1.1.3.jar:/home/lucaszaia/.m2/repository/org/springframework/modulith/spring-modulith-core/1.1.3/spring-modulith-core-1.1.3.jar:/home/lucaszaia/.m2/repository/com/tngtech/archunit/archunit/1.1.0/archunit-1.1.0.jar:/home/lucaszaia/.m2/repository/org/springframework/modulith/spring-modulith-moments/1.1.3/spring-modulith-moments-1.1.3.jar:/home/lucaszaia/.m2/repository/org/jmolecules/jmolecules-events/1.9.0/jmolecules-events-1.9.0.jar:/home/lucaszaia/.m2/repository/org/springframework/boot/spring-boot-starter/3.2.4/spring-boot-starter-3.2.4.jar:/home/lucaszaia/.m2/repository/org/springframework/boot/spring-boot-starter-logging/3.2.4/spring-boot-starter-logging-3.2.4.jar:/home/lucaszaia/.m2/repository/ch/qos/logback/logback-classic/1.4.14/logback-classic-1.4.14.jar:/home/lucaszaia/.m2/repository/ch/qos/logback/logback-core/1.4.14/logback-core-1.4.14.jar:/home/lucaszaia/.m2/repository/org/apache/logging/log4j/log4j-to-slf4j/2.21.1/log4j-to-slf4j-2.21.1.jar:/home/lucaszaia/.m2/repository/org/apache/logging/log4j/log4j-api/2.21.1/log4j-api-2.21.1.jar:/home/lucaszaia/.m2/repository/org/slf4j/jul-to-slf4j/2.0.12/jul-to-slf4j-2.0.12.jar:/home/lucaszaia/.m2/repository/jakarta/annotation/jakarta.annotation-api/2.1.1/jakarta.annotation-api-2.1.1.jar:/home/lucaszaia/.m2/repository/org/yaml/snakeyaml/2.2/snakeyaml-2.2.jar:/home/lucaszaia/.m2/repository/org/springframework/boot/spring-boot-devtools/3.2.4/spring-boot-devtools-3.2.4.jar:/home/lucaszaia/.m2/repository/org/springframework/boot/spring-boot/3.2.4/spring-boot-3.2.4.jar:/home/lucaszaia/.m2/repository/org/springframework/spring-context/6.1.5/spring-context-6.1.5.jar:/home/lucaszaia/.m2/repository/org/springframework/spring-aop/6.1.5/spring-aop-6.1.5.jar:/home/lucaszaia/.m2/repository/org/springframework/spring-beans/6.1.5/spring-beans-6.1.5.jar:/home/lucaszaia/.m2/repository/org/springframework/spring-expression/6.1.5/spring-expression-6.1.5.jar:/home/lucaszaia/.m2/repository/io/micrometer/micrometer-observation/1.12.4/micrometer-observation-1.12.4.jar:/home/lucaszaia/.m2/repository/io/micrometer/micrometer-commons/1.12.4/micrometer-commons-1.12.4.jar:/home/lucaszaia/.m2/repository/org/springframework/boot/spring-boot-autoconfigure/3.2.4/spring-boot-autoconfigure-3.2.4.jar:/home/lucaszaia/.m2/repository/org/springframework/boot/spring-boot-configuration-processor/3.2.4/spring-boot-configuration-processor-3.2.4.jar:/home/lucaszaia/.m2/repository/org/slf4j/slf4j-api/2.0.12/slf4j-api-2.0.12.jar:/home/lucaszaia/.m2/repository/org/springframework/spring-core/6.1.5/spring-core-6.1.5.jar:/home/lucaszaia/.m2/repository/org/springframework/spring-jcl/6.1.5/spring-jcl-6.1.5.jar, java.vm.vendor=Private Build, sun.arch.data.model=64, java.vendor.url=Unknown, user.timezone=America/Sao_Paulo, java.vm.specification.version=17, os.name=Linux, sun.java.launcher=SUN_STANDARD, user.country=BR, sun.boot.library.path=/usr/lib/jvm/java-17-openjdk-amd64/lib, sun.java.command=com.hello.demo.DemoApplication, jdk.debug=release, sun.cpu.endian=little, user.home=/home/lucaszaia, user.language=pt, sun.stderr.encoding=UTF-8, java.specification.vendor=Oracle Corporation, java.version.date=2024-01-16, java.home=/usr/lib/jvm/java-17-openjdk-amd64, file.separator=/, java.vm.compressedOopsMode=32-bit, line.separator=
, sun.stdout.encoding=UTF-8, java.vm.specification.vendor=Oracle Corporation, java.specification.name=Java Platform API Specification, sun.management.compiler=HotSpot 64-Bit Tiered Compilers, java.runtime.version=17.0.10+7-Ubuntu-120.04.1, user.name=lucaszaia, path.separator=:, os.version=5.14.0-1059-oem, java.runtime.name=OpenJDK Runtime Environment, file.encoding=UTF-8, java.vm.name=OpenJDK 64-Bit Server VM, java.vendor.url.bug=Unknown, java.io.tmpdir=/tmp, java.version=17.0.10, user.dir=/home/lucaszaia/softwares/java, os.arch=amd64, java.vm.specification.name=Java Virtual Machine Specification, native.encoding=UTF-8, java.library.path=/usr/java/packages/lib:/usr/lib/x86_64-linux-gnu/jni:/lib/x86_64-linux-gnu:/usr/lib/x86_64-linux-gnu:/usr/lib/jni:/lib:/usr/lib, java.vm.info=mixed mode, sharing, java.vendor=Private Build, java.vm.version=17.0.10+7-Ubuntu-120.04.1, sun.io.unicode.encoding=UnicodeLittle, java.class.version=61.0}
19:27:29.780 [Thread-0] INFO ClassFileTransformer.lambda$logStatistics$14: +++ method call +++
19:27:29.780 [Thread-0] INFO ClassFileTransformer.lambda$logStatistics$14: classes examined: 1008
19:27:29.780 [Thread-0] INFO ClassFileTransformer.lambda$logStatistics$14: classes ignored: 117
19:27:29.780 [Thread-0] INFO ClassFileTransformer.lambda$logStatistics$14: methods examined: 1160
19:27:29.780 [Thread-0] INFO ClassFileTransformer.lambda$logStatistics$14: methods instrumented: 0
19:27:29.781 [Thread-0] INFO ClassFileTransformer.lambda$logStatistics$14: === method call ===
19:27:29.781 [Thread-0] INFO ClassFileTransformer.lambda$logStatistics$14: +++ system hook +++
19:27:29.781 [Thread-0] INFO ClassFileTransformer.lambda$logStatistics$14: classes examined: 9
19:27:29.782 [Thread-0] INFO ClassFileTransformer.lambda$logStatistics$14: classes ignored: 9
19:27:29.782 [Thread-0] INFO ClassFileTransformer.lambda$logStatistics$14: methods examined: 82
19:27:29.782 [Thread-0] INFO ClassFileTransformer.lambda$logStatistics$14: methods instrumented: 0
19:27:29.782 [Thread-0] INFO ClassFileTransformer.lambda$logStatistics$14: === system hook ===
